#
# There is insufficient memory for the Java Runtime Environment to continue.
# Native memory allocation (mmap) failed to map 201326592 bytes for Failed to commit area from 0x0000000741600000 to 0x000000074d600000 of length 201326592.
# Possible reasons:
#   The system is out of physical RAM or swap space
#   The process is running with CompressedOops enabled, and the Java Heap may be blocking the growth of the native heap
# Possible solutions:
#   Reduce memory load on the system
#   Increase physical memory or swap space
#   Check if swap backing store is full
#   Decrease Java heap size (-Xmx/-Xms)
#   Decrease number of Java threads
#   Decrease Java thread stack sizes (-Xss)
#   Set larger code cache with -XX:ReservedCodeCacheSize=
# This output file may be truncated or incomplete.
#
#  Out of Memory Error (t:/workspace/open/src/hotspot/os/windows/os_windows.cpp:3301), pid=18176, tid=29832
#
# JRE version:  (13.0.2+8) (build )
# Java VM: Java HotSpot(TM) 64-Bit Server VM (13.0.2+8, mixed mode, aot, sharing, tiered, compressed oops, g1 gc, windows-amd64)
# No core dump will be written. Minidumps are not enabled by default on client versions of Windows
#

---------------  S U M M A R Y ------------

Command Line: -Dfile.encoding=Cp1252 Student_Result.Login

Host: Intel(R) Core(TM) i7-8550U CPU @ 1.80GHz, 8 cores, 11G,  Windows 10 , 64 bit Build 18362 (10.0.18362.329)
Time: Thu Jun  4 03:08:51 2020 Coordinated Universal Time elapsed time: 0 seconds (0d 0h 0m 0s)

---------------  T H R E A D  ---------------

Current thread (0x0000020066559800):  JavaThread "Unknown thread" [_thread_in_vm, id=29832, stack(0x000000c41a700000,0x000000c41a800000)]

Stack: [0x000000c41a700000,0x000000c41a800000]
Native frames: (J=compiled Java code, j=interpreted, Vv=VM code, C=native code)
V  [jvm.dll+0x624f9a]
V  [jvm.dll+0x770cfa]
V  [jvm.dll+0x7724af]
V  [jvm.dll+0x772ab3]
V  [jvm.dll+0x24bf08]
V  [jvm.dll+0x6222aa]
V  [jvm.dll+0x6170b5]
V  [jvm.dll+0x30a88c]
V  [jvm.dll+0x30a6c2]
V  [jvm.dll+0x30fe36]
V  [jvm.dll+0x353f46]
V  [jvm.dll+0x353720]
V  [jvm.dll+0x2e550a]
V  [jvm.dll+0x2e67a2]
V  [jvm.dll+0x74dd78]
V  [jvm.dll+0x361989]
V  [jvm.dll+0x730e65]
V  [jvm.dll+0x3cc53f]
V  [jvm.dll+0x3ce861]
C  [jli.dll+0x51ff]
C  [ucrtbase.dll+0x20e72]
C  [KERNEL32.DLL+0x17bd4]
C  [ntdll.dll+0x6ced1]


---------------  P R O C E S S  ---------------

Threads class SMR info:
_java_thread_list=0x00007ffac2bfccb8, length=0, elements={
}

Java Threads: ( => current thread )

Other Threads:
  0x00000200665b1000 GCTaskThread "GC Thread#0" [stack: 0x000000c41a800000,0x000000c41a900000] [id=18628]
  0x00000200665ca800 ConcurrentGCThread "G1 Main Marker" [stack: 0x000000c41a900000,0x000000c41aa00000] [id=10724]
  0x00000200665ce000 ConcurrentGCThread "G1 Conc#0" [stack: 0x000000c41aa00000,0x000000c41ab00000] [id=27300]

[error occurred during error reporting (printing all threads), id 0xc0000005, EXCEPTION_ACCESS_VIOLATION (0xc0000005) at pc=0x00007ffac24351d7]

VM state:not at safepoint (not fully initialized)

VM Mutex/Monitor currently owned by a thread:  ([mutex/lock_event])
[0x0000020066557120] Heap_lock - owner thread: 0x0000020066559800

Heap address: 0x0000000741600000, size: 3050 MB, Compressed Oops mode: Non-zero based: 0x0000000741600000
Narrow klass base: 0x0000000000000000, Narrow klass shift: 0

GC Heap History (0 events):
No events

Deoptimization events (0 events):
No events

Classes unloaded (0 events):
No events

Classes redefined (0 events):
No events

Internal exceptions (0 events):
No events

Events (8 events):
Event: 0.007 Loaded shared library C:\Program Files\Java\jdk-13.0.2\bin\zip.dll
Event: 0.007 Loaded shared library C:\Program Files\Java\jdk-13.0.2\bin\jimage.dll
Event: 0.008 Loading shared library C:\Program Files\Java\jdk-13.0.2\lib\libjava.base-coop.dll failed, error code 126
Event: 0.008 Loading shared library C:\Program Files\Java\jdk-13.0.2\lib\libjava.logging-coop.dll failed, error code 126
Event: 0.008 Loading shared library C:\Program Files\Java\jdk-13.0.2\lib\libjdk.compiler-coop.dll failed, error code 126
Event: 0.008 Loading shared library C:\Program Files\Java\jdk-13.0.2\lib\libjdk.scripting.nashorn-coop.dll failed, error code 126
Event: 0.008 Loading shared library C:\Program Files\Java\jdk-13.0.2\lib\libjdk.internal.vm.ci-coop.dll failed, error code 126
Event: 0.009 Loading shared library C:\Program Files\Java\jdk-13.0.2\lib\libjdk.internal.vm.compiler-coop.dll failed, error code 126


Dynamic libraries:
0x00007ff6e00e0000 - 0x00007ff6e00ef000 	C:\Program Files\Java\jdk-13.0.2\bin\javaw.exe
0x00007ffaf7ec0000 - 0x00007ffaf80b0000 	C:\Windows\SYSTEM32\ntdll.dll
0x00007ffaf7dc0000 - 0x00007ffaf7e72000 	C:\Windows\System32\KERNEL32.DLL
0x00007ffaf57c0000 - 0x00007ffaf5a63000 	C:\Windows\System32\KERNELBASE.dll
0x00007ffaf5c10000 - 0x00007ffaf5d0a000 	C:\Windows\System32\ucrtbase.dll
0x00007ffac5800000 - 0x00007ffac5818000 	C:\Program Files\Java\jdk-13.0.2\bin\jli.dll
0x00007ffacbc70000 - 0x00007ffacbc85000 	C:\Program Files\Java\jdk-13.0.2\bin\VCRUNTIME140.dll
0x00007ffaf7030000 - 0x00007ffaf70d3000 	C:\Windows\System32\ADVAPI32.dll
0x00007ffaf7a60000 - 0x00007ffaf7afe000 	C:\Windows\System32\msvcrt.dll
0x00007ffaf7bb0000 - 0x00007ffaf7c47000 	C:\Windows\System32\sechost.dll
0x00007ffaf7910000 - 0x00007ffaf7a30000 	C:\Windows\System32\RPCRT4.dll
0x00007ffaf7420000 - 0x00007ffaf75b4000 	C:\Windows\System32\USER32.dll
0x00007ffadd0b0000 - 0x00007ffadd335000 	C:\Windows\WinSxS\amd64_microsoft.windows.common-controls_6595b64144ccf1df_6.0.18362.592_none_e6c0b1911312be02\COMCTL32.dll
0x00007ffaf5d90000 - 0x00007ffaf5db1000 	C:\Windows\System32\win32u.dll
0x00007ffaf70e0000 - 0x00007ffaf7416000 	C:\Windows\System32\combase.dll
0x00007ffaf7a30000 - 0x00007ffaf7a56000 	C:\Windows\System32\GDI32.dll
0x00007ffaf5d10000 - 0x00007ffaf5d90000 	C:\Windows\System32\bcryptPrimitives.dll
0x00007ffaf5a70000 - 0x00007ffaf5c04000 	C:\Windows\System32\gdi32full.dll
0x00007ffaf56d0000 - 0x00007ffaf576e000 	C:\Windows\System32\msvcp_win.dll
0x00007ffaec0d0000 - 0x00007ffaec0da000 	C:\Windows\SYSTEM32\VERSION.dll
0x00007ffaf7cc0000 - 0x00007ffaf7cee000 	C:\Windows\System32\IMM32.DLL
0x00007ffabded0000 - 0x00007ffabdf6b000 	C:\Program Files\Java\jdk-13.0.2\bin\msvcp140.dll
0x00007ffac2140000 - 0x00007ffac2c9d000 	C:\Program Files\Java\jdk-13.0.2\bin\server\jvm.dll
0x00007ffaf6f70000 - 0x00007ffaf6f78000 	C:\Windows\System32\PSAPI.DLL
0x00007ffaf3890000 - 0x00007ffaf3899000 	C:\Windows\SYSTEM32\WSOCK32.dll
0x00007ffaf1e80000 - 0x00007ffaf1ea4000 	C:\Windows\SYSTEM32\WINMM.dll
0x00007ffaf7c50000 - 0x00007ffaf7cbf000 	C:\Windows\System32\WS2_32.dll
0x00007ffaf1bf0000 - 0x00007ffaf1c1d000 	C:\Windows\SYSTEM32\winmmbase.dll
0x00007ffaf5770000 - 0x00007ffaf57ba000 	C:\Windows\System32\cfgmgr32.dll
0x00007ffaf4da0000 - 0x00007ffaf4db1000 	C:\Windows\System32\kernel.appcore.dll
0x00007ffaf1340000 - 0x00007ffaf1350000 	C:\Program Files\Java\jdk-13.0.2\bin\verify.dll
0x00007ffaf3670000 - 0x00007ffaf3864000 	C:\Windows\SYSTEM32\DBGHELP.DLL
0x00007ffad82b0000 - 0x00007ffad82da000 	C:\Windows\SYSTEM32\dbgcore.DLL
0x00007ffae69a0000 - 0x00007ffae69c6000 	C:\Program Files\Java\jdk-13.0.2\bin\java.dll
0x00007ffae8e40000 - 0x00007ffae8e57000 	C:\Program Files\Java\jdk-13.0.2\bin\zip.dll
0x00007ffaeeb00000 - 0x00007ffaeeb0a000 	C:\Program Files\Java\jdk-13.0.2\bin\jimage.dll

dbghelp: loaded successfully - version: 4.0.5 - missing functions: none
symbol engine: initialized successfully - sym options: 0x614 - pdb path: .;C:\Program Files\Java\jdk-13.0.2\bin;C:\Windows\SYSTEM32;C:\Windows\WinSxS\amd64_microsoft.windows.common-controls_6595b64144ccf1df_6.0.18362.592_none_e6c0b1911312be02;C:\Program Files\Java\jdk-13.0.2\bin\server

VM Arguments:
jvm_args: -Dfile.encoding=Cp1252 
java_command: Student_Result.Login
java_class_path (initial): C:\Users\Quantum 2.0\Desktop\Eclipse_Student_Result-4\Eclipse_Student_Result\bin;C:\Users\Quantum 2.0\Desktop\Eclipse_Student_Result-4\Eclipse_Student_Result\sqlite-jdbc-3.30.1.jar
Launcher Type: SUN_STANDARD

[Global flags]
     intx CICompilerCount                          = 4                                         {product} {ergonomic}
     uint ConcGCThreads                            = 2                                         {product} {ergonomic}
     uint G1ConcRefinementThreads                  = 8                                         {product} {ergonomic}
   size_t G1HeapRegionSize                         = 1048576                                   {product} {ergonomic}
    uintx GCDrainStackTargetSize                   = 64                                        {product} {ergonomic}
   size_t InitialHeapSize                          = 201326592                                 {product} {ergonomic}
   size_t MarkStackSize                            = 4194304                                   {product} {ergonomic}
   size_t MaxHeapSize                              = 3198156800                                {product} {ergonomic}
   size_t MinHeapDeltaBytes                        = 1048576                                   {product} {ergonomic}
   size_t MinHeapSize                              = 8388608                                   {product} {ergonomic}
    uintx NonNMethodCodeHeapSize                   = 5839372                                {pd product} {ergonomic}
    uintx NonProfiledCodeHeapSize                  = 122909434                              {pd product} {ergonomic}
    uintx ProfiledCodeHeapSize                     = 122909434                              {pd product} {ergonomic}
    uintx ReservedCodeCacheSize                    = 251658240                              {pd product} {ergonomic}
     bool SegmentedCodeCache                       = true                                      {product} {ergonomic}
   size_t SoftMaxHeapSize                          = 3198156800                             {manageable} {ergonomic}
     bool UseCompressedClassPointers               = true                                 {lp64_product} {ergonomic}
     bool UseCompressedOops                        = true                                 {lp64_product} {ergonomic}
     bool UseG1GC                                  = true                                      {product} {ergonomic}
     bool UseLargePagesIndividualAllocation        = false                                  {pd product} {ergonomic}

Logging:
Log output configuration:
 #0: stdout all=warning uptime,level,tags
 #1: stderr all=off uptime,level,tags

Environment Variables:
PATH=C:/Program Files/Java/jdk-13.0.2/bin/server;C:/Program Files/Java/jdk-13.0.2/bin;C:\Windows\system32;C:\Windows;C:\Windows\System32\Wbem;C:\Windows\System32\WindowsPowerShell\v1.0\;C:\Windows\System32\OpenSSH\;C:\Program Files\Java\jdk-13.0.2\bin;D:\Quantum 2.0\Software\MATLAB(Ins)\runtime\win64;D:\Quantum 2.0\Software\MATLAB(Ins)\bin;D:\Quantum 2.0\Software\MATLAB(Ins)\polyspace\bin;C:\Users\Quantum 2.0\AppData\Local\Microsoft\WindowsApps;;C:\Program Files\Eclipse;
USERNAME=Quantum 2.0
OS=Windows_NT
PROCESSOR_IDENTIFIER=Intel64 Family 6 Model 142 Stepping 10, GenuineIntel



---------------  S Y S T E M  ---------------

OS: Windows 10 , 64 bit Build 18362 (10.0.18362.329)

CPU:total 8 (initial active 8) (4 cores per cpu, 2 threads per core) family 6 model 142 stepping 10, cmov, cx8, fxsr, mmx, sse, sse2, sse3, ssse3, sse4.1, sse4.2, popcnt, avx, avx2, aes, clmul, erms, 3dnowpref, lzcnt, ht, tsc, tscinvbit, bmi1, bmi2, adx, fma

Memory: 4k page, system-wide physical 12193M (2419M free)
TotalPageFile size 49057M (AvailPageFile size 177M)
current process WorkingSet (physical memory assigned to process): 10M, peak: 10M
current process commit charge ("private bytes"): 60M, peak: 252M

vm_info: Java HotSpot(TM) 64-Bit Server VM (13.0.2+8) for windows-amd64 JRE (13.0.2+8), built on Dec 11 2019 09:20:33 by "mach5one" with unknown MS VC++:1916

END.
